#
# A fatal error has been detected by the Java Runtime Environment:
#
#  EXCEPTION_ACCESS_VIOLATION (0xc0000005) at pc=0x000001d1b701102f, pid=8516, tid=11120
#
# JRE version: Java(TM) SE Runtime Environment (21.0.1+12) (build 21.0.1+12-LTS-29)
# Java VM: Java HotSpot(TM) 64-Bit Server VM (21.0.1+12-LTS-29, mixed mode, emulated-client, sharing, tiered, compressed oops, compressed class ptrs, g1 gc, windows-amd64)
# Problematic frame:
# v  ~BufferBlob::MethodHandles adapters 0x000001d1b701102f
#
# No core dump will be written. Minidumps are not enabled by default on client versions of Windows
#
# If you would like to submit a bug report, please visit:
#   https://bugreport.java.com/bugreport/crash.jsp
#

---------------  S U M M A R Y ------------

Command Line: -XX:+ShowCodeDetailsInExceptionMessages -agentlib:jdwp=transport=dt_socket,suspend=y,address=localhost:56078 -Dcom.sun.management.jmxremote -Dcom.sun.management.jmxremote.port=56077 -Dcom.sun.management.jmxremote.authenticate=false -Dcom.sun.management.jmxremote.ssl=false -Djava.rmi.server.hostname=localhost -Dspring.jmx.enabled=true -Dmanagement.endpoints.jmx.exposure.include=* -Dspring.application.admin.enabled=true -XX:TieredStopAtLevel=1 -Dspring.boot.project.name=empdet -javaagent:D:\software\Spring Tool\sts-4.22.1.RELEASE\configuration\org.eclipse.osgi\266\0\.cp\lib\javaagent-shaded.jar -Dfile.encoding=UTF-8 -Dstdout.encoding=UTF-8 -Dstderr.encoding=UTF-8 com.example.demo.EmpdetApplication --spring.output.ansi.enabled=always

Host: Intel(R) Core(TM) i3-6006U CPU @ 2.00GHz, 4 cores, 7G,  Windows 10 , 64 bit Build 19041 (10.0.19041.3636)
Time: Tue Jun 11 19:10:27 2024 India Standard Time elapsed time: 837.466227 seconds (0d 0h 13m 57s)

---------------  T H R E A D  ---------------

Current thread (0x000001d206c7be50):  JavaThread "restartedMain"        [_thread_in_Java, id=11120, stack(0x000000ba00d00000,0x000000ba00e00000) (1024K)]

Stack: [0x000000ba00d00000,0x000000ba00e00000],  sp=0x000000ba00dfdbe8,  free space=1014k
Native frames: (J=compiled Java code, j=interpreted, Vv=VM code, C=native code)
C  0x000001d1b701102f

The last pc belongs to _linkToSpecial (printed below).

siginfo: EXCEPTION_ACCESS_VIOLATION (0xc0000005), reading address 0xffffffffffffffff


Registers:
RAX=0x000001d1b6fe9086, RBX=0x84ae3c5000000000, RCX=0x000000ba00dfdbf0, RDX=0x0000000000000002
RSP=0x000000ba00dfdbe8, RBP=0x000000ba00dfdc38, RSI=0x000001d204886fa8, RDI=0x000001d207066110
R8 =0x0000000000000004, R9 =0x0000000000000004, R10=0x00007ffea20e9e90, R11=0x000001d1bf0b6b68
R12=0x0000000000000000, R13=0x000000ba00dfdbe8, R14=0x000000ba00dfdc58, R15=0x000001d206c7be50
RIP=0x000001d1b701102f, EFLAGS=0x0000000000010246


Register to memory mapping:

RAX=0x000001d1b6fe9086 is at code_begin+3078 in an Interpreter codelet
return entry points  [0x000001d1b6fe8480, 0x000001d1b6fea298]  7704 bytes
RBX=0x84ae3c5000000000 is an unknown value
RCX=0x000000ba00dfdbf0 is pointing into the stack for thread: 0x000001d206c7be50
RDX=0x0000000000000002 is an unknown value
RSP=0x000000ba00dfdbe8 is pointing into the stack for thread: 0x000001d206c7be50
RBP=0x000000ba00dfdc38 is pointing into the stack for thread: 0x000001d206c7be50
RSI=0x000001d204886fa8 points into unknown readable memory: 0x800032d2709ac5ca | ca c5 9a 70 d2 32 00 80
RDI=0x000001d207066110 points into unknown readable memory: 0x0000001800000070 | 70 00 00 00 18 00 00 00
R8 =0x0000000000000004 is an unknown value
R9 =0x0000000000000004 is an unknown value
R10=0x00007ffea20e9e90 jvm.dll
R11={method} {0x000001d1bf0b6b70} 'newInvokeSpecial' '(Ljava/lang/Object;)Ljava/lang/Object;' in 'java/lang/invoke/DirectMethodHandle$Holder'
R12=0x0 is null
R13=0x000000ba00dfdbe8 is pointing into the stack for thread: 0x000001d206c7be50
R14=0x000000ba00dfdc58 is pointing into the stack for thread: 0x000001d206c7be50
R15=0x000001d206c7be50 is a thread

Top of Stack: (sp=0x000000ba00dfdbe8)
0x000000ba00dfdbe8:   000001d1b6fe9086 000000ba00dfdbf0
0x000000ba00dfdbf8:   000001d1bf72d9bf 0000000000000004
0x000000ba00dfdc08:   000001d1bf0b2020 0000000086c58228
0x000000ba00dfdc18:   0000000082428290 000001d1bf0b6b68
0x000000ba00dfdc28:   000000ba00dfdbe8 000000ba00dfdc60
0x000000ba00dfdc38:   000000ba00dfdfd0 000001d1b72efc03
0x000000ba00dfdc48:   0000000084ae3b58 0000000084ae3c00
0x000000ba00dfdc58:   0000000084ae3bb8 0000000084ae3968
0x000000ba00dfdc68:   000001d205cca800 000000ba00dfdfd0
0x000000ba00dfdc78:   000001d1b789378c 00007ffea18c3f25
0x000000ba00dfdc88:   000000ba00dfd5d0 000000ba00dfd5d4
0x000000ba00dfdc98:   000001d206c7be50 000001d206e480a0
0x000000ba00dfdca8:   000001d205cca800 000001d205cca818
0x000000ba00dfdcb8:   000001d205cca8e8 00000000000000d8
0x000000ba00dfdcc8:   000000ba00dfb400 00007ffeff21b96b
0x000000ba00dfdcd8:   0000000082425e30 0000000086c58228
0x000000ba00dfdce8:   0000000084ae3830 0000000084ae3830
0x000000ba00dfdcf8:   0000000084ae3968 0000000084ae3be8
0x000000ba00dfdd08:   0000000084ae39c0 0000000086c58228
0x000000ba00dfdd18:   0000000000000001 000000ba00dfdfd0
0x000000ba00dfdd28:   000001d100000000 0000000000000000
0x000000ba00dfdd38:   0000000000000000 0000000084ae3bb8
0x000000ba00dfdd48:   000001d1b72f1c5c 0000000000000000
0x000000ba00dfdd58:   0000000000000000 0000000000000000
0x000000ba00dfdd68:   00007ffea190af00 000001d206c7be50
0x000000ba00dfdd78:   0000000000000000 0000000084ae3968
0x000000ba00dfdd88:   0000000000000000 0000000084ae3830
0x000000ba00dfdd98:   0000000084ae3be8 0000000084ae3968
0x000000ba00dfdda8:   0000000000000000 0000000084ae3900
0x000000ba00dfddb8:   000001d1b72ef134 000000ba00dfdfd0
0x000000ba00dfddc8:   000001d1b72eaf6a 0000000000000000
0x000000ba00dfddd8:   000001d1b7256ba9 000001d206c7be50 

Instructions: (pc=0x000001d1b701102f)
0x000001d1b7010f2f:   8b 5b 28 8b 5b 24 48 8b 5b 10 48 85 db 0f 84 10
0x000001d1b7010f3f:   00 00 00 41 80 bf e0 05 00 00 00 74 03 ff 63 38
0x000001d1b7010f4f:   ff 63 50 e9 a9 16 00 00 66 0f 1f 84 00 00 00 00
0x000001d1b7010f5f:   00 48 8b 53 08 0f b7 52 2e 48 8b 0c d4 58 5b 50
0x000001d1b7010f6f:   44 8b 51 08 49 bb 00 00 00 bf d1 01 00 00 4d 03
0x000001d1b7010f7f:   d3 4c 8b 5b 10 4b 8b 9c da c8 01 00 00 48 85 db
0x000001d1b7010f8f:   0f 84 10 00 00 00 41 80 bf e0 05 00 00 00 74 03
0x000001d1b7010f9f:   ff 63 38 ff 63 50 e9 56 16 00 00 66 66 66 0f 1f
0x000001d1b7010faf:   84 00 00 00 00 00 66 66 66 90 0f 1f 80 00 00 00
0x000001d1b7010fbf:   00 58 5b 50 8b 5b 24 48 8b 5b 10 48 85 db 0f 84
0x000001d1b7010fcf:   10 00 00 00 41 80 bf e0 05 00 00 00 74 03 ff 63
0x000001d1b7010fdf:   38 ff 63 50 e9 18 16 00 00 66 66 66 0f 1f 84 00
0x000001d1b7010fef:   00 00 00 00 66 66 66 90 66 0f 1f 84 00 00 00 00
0x000001d1b7010fff:   00 48 8b 53 08 0f b7 52 2e 48 8b 0c d4 58 5b 50
0x000001d1b701100f:   48 3b 01 8b 5b 24 48 8b 5b 10 48 85 db 0f 84 10
0x000001d1b701101f:   00 00 00 41 80 bf e0 05 00 00 00 74 03 ff 63 38
0x000001d1b701102f:   ff 63 50 e9 c9 15 00 00 66 0f 1f 84 00 00 00 00
0x000001d1b701103f:   00 48 8b 53 08 0f b7 52 2e 48 8b 0c d4 58 5b 50
0x000001d1b701104f:   44 8b 51 08 49 bb 00 00 00 bf d1 01 00 00 4d 03
0x000001d1b701105f:   d3 8b 43 18 48 8b 40 10 48 8b 5b 10 45 8b 9a a0
0x000001d1b701106f:   00 00 00 4f 8d 9c da c8 01 00 00 4d 8d 14 da 49
0x000001d1b701107f:   8b 1b 48 3b c3 74 15 48 85 db 0f 84 32 00 00 00
0x000001d1b701108f:   49 83 c3 10 49 8b 1b 48 3b c3 75 eb 45 8b 5b 08
0x000001d1b701109f:   4b 8b 1c 1a 48 85 db 0f 84 10 00 00 00 41 80 bf
0x000001d1b70110af:   e0 05 00 00 00 74 03 ff 63 38 ff 63 50 e9 3f 15
0x000001d1b70110bf:   00 00 e9 3a 12 00 00 f4 00 00 00 00 00 00 00 00
0x000001d1b70110cf:   00 00 00 00 00 00 00 00 00 00 00 00 00 00 00 00
0x000001d1b70110df:   00 00 00 00 00 00 00 00 00 00 00 00 00 00 00 00
0x000001d1b70110ef:   00 00 00 00 00 00 00 00 00 00 00 00 00 00 00 00
0x000001d1b70110ff:   00 00 00 00 00 00 00 00 00 00 00 00 00 00 00 00
0x000001d1b701110f:   00 00 00 00 00 00 00 00 00 00 00 00 00 00 00 00
0x000001d1b701111f:   00 00 00 00 00 00 00 00 00 00 00 00 00 00 00 00 


Stack slot to memory mapping:

stack at sp + 0 slots: 0x000001d1b6fe9086 is at code_begin+3078 in an Interpreter codelet
return entry points  [0x000001d1b6fe8480, 0x000001d1b6fea298]  7704 bytes
stack at sp + 1 slots: 0x000000ba00dfdbf0 is pointing into the stack for thread: 0x000001d206c7be50
stack at sp + 2 slots: 0x000001d1bf72d9bf is pointing into metadata
stack at sp + 3 slots: 0x0000000000000004 is an unknown value
stack at sp + 4 slots: 0x000001d1bf0b2020 is pointing into metadata
stack at sp + 5 slots: 0x0000000086c58228 is an oop: java.lang.Class 
{0x0000000086c58228} - klass: 'java/lang/Class'
 - ---- fields (total size 14 words):
 - private volatile transient 'classRedefinedCount' 'I' @12  0 (0x00000000)
 - injected 'klass' 'J' @16  2000390851072 (0x000001d1c0960a00)
 - injected 'array_klass' 'J' @24  0 (0x0000000000000000)
 - injected 'oop_size' 'I' @32  14 (0x0000000e)
 - injected 'static_oop_field_count' 'I' @36  0 (0x00000000)
 - private volatile transient 'cachedConstructor' 'Ljava/lang/reflect/Constructor;' @40  null (0x00000000)
 - private transient 'name' 'Ljava/lang/String;' @44  "com.example.demo.EmployeeController"{0x0000000082c1d4d8} (0x82c1d4d8)
 - private transient 'module' 'Ljava/lang/Module;' @48  a 'java/lang/Module'{0x000000008731b8e0} (0x8731b8e0)
 - private final 'classLoader' 'Ljava/lang/ClassLoader;' @52  a 'org/springframework/boot/devtools/restart/classloader/RestartClassLoader'{0x000000008731b750} (0x8731b750)
 - private transient 'classData' 'Ljava/lang/Object;' @56  null (0x00000000)
 - private transient 'packageName' 'Ljava/lang/String;' @60  "com.example.demo"{0x0000000082703d88} (0x82703d88)
 - private final 'componentType' 'Ljava/lang/Class;' @64  null (0x00000000)
 - private volatile transient 'reflectionData' 'Ljava/lang/ref/SoftReference;' @68  a 'java/lang/ref/SoftReference'{0x0000000085d7dd18} (0x85d7dd18)
 - private volatile transient 'genericInfo' 'Lsun/reflect/generics/repository/ClassRepository;' @72  null (0x00000000)
 - private volatile transient 'enumConstants' '[Ljava/lang/Object;' @76  null (0x00000000)
 - private volatile transient 'enumConstantDirectory' 'Ljava/util/Map;' @80  null (0x00000000)
 - private volatile transient 'annotationData' 'Ljava/lang/Class$AnnotationData;' @84  a 'java/lang/Class$AnnotationData'{0x0000000085d7e2a0} (0x85d7e2a0)
 - private volatile transient 'annotationType' 'Lsun/reflect/annotation/AnnotationType;' @88  null (0x00000000)
 - transient 'classValueMap' 'Ljava/lang/ClassValue$ClassValueMap;' @92  null (0x00000000)
 - injected 'protection_domain' 'Ljava/lang/Object;' @96  a 'java/security/ProtectionDomain'{0x000000008734f008} (0x8734f008)
 - injected 'signers_name' 'Ljava/lang/Object;' @100  null (0x00000000)
 - injected 'source_file' 'Ljava/lang/Object;' @104  null (0x00000000)
 - signature: Lcom/example/demo/EmployeeController;
 - ---- static fields (0):
stack at sp + 6 slots: 0x0000000082428290 is an oop: java.lang.Class 
{0x0000000082428290} - klass: 'java/lang/Class'
 - ---- fields (total size 14 words):
 - private volatile transient 'classRedefinedCount' 'I' @12  0 (0x00000000)
 - injected 'klass' 'J' @16  2000364968944 (0x000001d1bf0b1bf0)
 - injected 'array_klass' 'J' @24  0 (0x0000000000000000)
 - injected 'oop_size' 'I' @32  14 (0x0000000e)
 - injected 'static_oop_field_count' 'I' @36  0 (0x00000000)
 - private volatile transient 'cachedConstructor' 'Ljava/lang/reflect/Constructor;' @40  null (0x00000000)
 - private transient 'name' 'Ljava/lang/String;' @44  null (0x00000000)
 - private transient 'module' 'Ljava/lang/Module;' @48  a 'java/lang/Module'{0x00000000824177c8} (0x824177c8)
 - private final 'classLoader' 'Ljava/lang/ClassLoader;' @52  null (0x00000000)
 - private transient 'classData' 'Ljava/lang/Object;' @56  null (0x00000000)
 - private transient 'packageName' 'Ljava/lang/String;' @60  null (0x00000000)
 - private final 'componentType' 'Ljava/lang/Class;' @64  null (0x00000000)
 - private volatile transient 'reflectionData' 'Ljava/lang/ref/SoftReference;' @68  null (0x00000000)
 - private volatile transient 'genericInfo' 'Lsun/reflect/generics/repository/ClassRepository;' @72  null (0x00000000)
 - private volatile transient 'enumConstants' '[Ljava/lang/Object;' @76  null (0x00000000)
 - private volatile transient 'enumConstantDirectory' 'Ljava/util/Map;' @80  null (0x00000000)
 - private volatile transient 'annotationData' 'Ljava/lang/Class$AnnotationData;' @84  null (0x00000000)
 - private volatile transient 'annotationType' 'Lsun/reflect/annotation/AnnotationType;' @88  null (0x00000000)
 - transient 'classValueMap' 'Ljava/lang/ClassValue$ClassValueMap;' @92  null (0x00000000)
 - injected 'protection_domain' 'Ljava/lang/Object;' @96  null (0x00000000)
 - injected 'signers_name' 'Ljava/lang/Object;' @100  null (0x00000000)
 - injected 'source_file' 'Ljava/lang/Object;' @104  null (0x00000000)
 - signature: Ljava/lang/invoke/DirectMethodHandle$Holder;
 - ---- static fields (0):
stack at sp + 7 slots: {method} {0x000001d1bf0b6b70} 'newInvokeSpecial' '(Ljava/lang/Object;)Ljava/lang/Object;' in 'java/lang/invoke/DirectMethodHandle$Holder'

MethodHandle::interpreter_entry::_linkToSpecial [0x000001d1b7010fe8, 0x000001d1b7011037] (79 bytes)
[MachCode]
  0x000001d1b7010fe8: 6666 660f | 1f84 0000 | 0000 0066 | 6666 9066 | 0f1f 8400 | 0000 0000 | 488b 5308 | 0fb7 522e 
  0x000001d1b7011008: 488b 0cd4 | 585b 5048 | 3b01 8b5b | 2448 8b5b | 1048 85db | 0f84 1000 | 0000 4180 | bfe0 0500 
  0x000001d1b7011028: 0000 7403 | ff63 38ff | 6350 e9c9 | 
[/MachCode]

---------------  P R O C E S S  ---------------

Threads class SMR info:
_java_thread_list=0x000001d207534fc0, length=37, elements={
0x000001d1be9eb910, 0x000001d1be9ec440, 0x000001d1be9ef610, 0x000001d1be9f0df0,
0x000001d1be9fb890, 0x000001d1bea026c0, 0x000001d1bea0d070, 0x000001d1bea005f0,
0x000001d1bec79230, 0x000001d1bec7c2f0, 0x000001d1bec7eea0, 0x000001d1bea019a0,
0x000001d1bea02030, 0x000001d1bea02d50, 0x000001d1bea033e0, 0x000001d1bea00c80,
0x000001d1bea01310, 0x000001d2049ab940, 0x000001d2049a84c0, 0x000001d206c7d890,
0x000001d206c79060, 0x000001d206c7b7c0, 0x000001d206c7be50, 0x000001d206c796f0,
0x000001d206c7c4e0, 0x000001d206c7cb70, 0x000001d206c7ec40, 0x000001d206c7f2d0,
0x000001d206c7f960, 0x000001d206c7b130, 0x000001d206c7d200, 0x000001d206c7fff0,
0x000001d206c7df20, 0x000001d206c7aaa0, 0x000001d206c80680, 0x000001d206c79d80,
0x000001d206c7a410
}

Java Threads: ( => current thread )
  0x000001d1be9eb910 JavaThread "Reference Handler"          daemon [_thread_blocked, id=7280, stack(0x000000ba7f500000,0x000000ba7f600000) (1024K)]
  0x000001d1be9ec440 JavaThread "Finalizer"                  daemon [_thread_blocked, id=12172, stack(0x000000ba7f600000,0x000000ba7f700000) (1024K)]
  0x000001d1be9ef610 JavaThread "Signal Dispatcher"          daemon [_thread_blocked, id=1004, stack(0x000000ba7f700000,0x000000ba7f800000) (1024K)]
  0x000001d1be9f0df0 JavaThread "Attach Listener"            daemon [_thread_blocked, id=12192, stack(0x000000ba7f800000,0x000000ba7f900000) (1024K)]
  0x000001d1be9fb890 JavaThread "Service Thread"             daemon [_thread_blocked, id=5716, stack(0x000000ba7f900000,0x000000ba7fa00000) (1024K)]
  0x000001d1bea026c0 JavaThread "Monitor Deflation Thread"   daemon [_thread_blocked, id=1796, stack(0x000000ba7fa00000,0x000000ba7fb00000) (1024K)]
  0x000001d1bea0d070 JavaThread "C1 CompilerThread0"         daemon [_thread_blocked, id=10100, stack(0x000000ba7fb00000,0x000000ba7fc00000) (1024K)]
  0x000001d1bea005f0 JavaThread "Common-Cleaner"             daemon [_thread_blocked, id=10084, stack(0x000000ba7fc00000,0x000000ba7fd00000) (1024K)]
  0x000001d1bec79230 JavaThread "JDWP Transport Listener: dt_socket" daemon [_thread_blocked, id=6780, stack(0x000000ba7fe00000,0x000000ba7ff00000) (1024K)]
  0x000001d1bec7c2f0 JavaThread "JDWP Event Helper Thread"   daemon [_thread_blocked, id=9624, stack(0x000000ba7ff00000,0x000000ba80000000) (1024K)]
  0x000001d1bec7eea0 JavaThread "JDWP Command Reader"        daemon [_thread_blocked, id=10736, stack(0x000000ba00000000,0x000000ba00100000) (1024K)]
  0x000001d1bea019a0 JavaThread "Notification Thread"        daemon [_thread_blocked, id=15284, stack(0x000000ba00100000,0x000000ba00200000) (1024K)]
  0x000001d1bea02030 JavaThread "RMI TCP Accept-0"           daemon [_thread_in_native, id=1416, stack(0x000000ba00600000,0x000000ba00700000) (1024K)]
  0x000001d1bea02d50 JavaThread "RMI TCP Accept-56077"       daemon [_thread_in_native, id=9148, stack(0x000000ba00700000,0x000000ba00800000) (1024K)]
  0x000001d1bea033e0 JavaThread "RMI TCP Accept-0"           daemon [_thread_in_native, id=14316, stack(0x000000ba00800000,0x000000ba00900000) (1024K)]
  0x000001d1bea00c80 JavaThread "RMI Scheduler(0)"           daemon [_thread_blocked, id=6264, stack(0x000000ba00a00000,0x000000ba00b00000) (1024K)]
  0x000001d1bea01310 JavaThread "RMI TCP Connection(idle)"   daemon [_thread_blocked, id=7412, stack(0x000000ba00b00000,0x000000ba00c00000) (1024K)]
  0x000001d2049ab940 JavaThread "JMX server connection timeout 33" daemon [_thread_blocked, id=7424, stack(0x000000ba00c00000,0x000000ba00d00000) (1024K)]
  0x000001d2049a84c0 JavaThread "mysql-cj-abandoned-connection-cleanup" daemon [_thread_blocked, id=14348, stack(0x000000ba01c00000,0x000000ba01d00000) (1024K)]
  0x000001d206c7d890 JavaThread "Live Reload Server"         daemon [_thread_in_native, id=14868, stack(0x000000ba02200000,0x000000ba02300000) (1024K)]
  0x000001d206c79060 JavaThread "DestroyJavaVM"                     [_thread_blocked, id=408, stack(0x000000ba7ed00000,0x000000ba7ee00000) (1024K)]
  0x000001d206c7b7c0 JavaThread "Thread-5"                          [_thread_blocked, id=1932, stack(0x000000ba00500000,0x000000ba00600000) (1024K)]
=>0x000001d206c7be50 JavaThread "restartedMain"                     [_thread_in_Java, id=11120, stack(0x000000ba00d00000,0x000000ba00e00000) (1024K)]
  0x000001d206c796f0 JavaThread "Catalina-utility-1"                [_thread_blocked, id=14828, stack(0x000000ba00f00000,0x000000ba01000000) (1024K)]
  0x000001d206c7c4e0 JavaThread "http-nio-8080-exec-1"       daemon [_thread_blocked, id=14304, stack(0x000000ba01000000,0x000000ba01100000) (1024K)]
  0x000001d206c7cb70 JavaThread "http-nio-8080-exec-2"       daemon [_thread_blocked, id=10880, stack(0x000000ba01100000,0x000000ba01200000) (1024K)]
  0x000001d206c7ec40 JavaThread "http-nio-8080-exec-3"       daemon [_thread_blocked, id=3652, stack(0x000000ba01200000,0x000000ba01300000) (1024K)]
  0x000001d206c7f2d0 JavaThread "http-nio-8080-exec-4"       daemon [_thread_blocked, id=10080, stack(0x000000ba01300000,0x000000ba01400000) (1024K)]
  0x000001d206c7f960 JavaThread "http-nio-8080-exec-5"       daemon [_thread_blocked, id=9528, stack(0x000000ba01400000,0x000000ba01500000) (1024K)]
  0x000001d206c7b130 JavaThread "http-nio-8080-exec-6"       daemon [_thread_blocked, id=8300, stack(0x000000ba01500000,0x000000ba01600000) (1024K)]
  0x000001d206c7d200 JavaThread "http-nio-8080-exec-7"       daemon [_thread_blocked, id=8000, stack(0x000000ba01600000,0x000000ba01700000) (1024K)]
  0x000001d206c7fff0 JavaThread "http-nio-8080-exec-8"       daemon [_thread_blocked, id=1388, stack(0x000000ba01700000,0x000000ba01800000) (1024K)]
  0x000001d206c7df20 JavaThread "http-nio-8080-exec-9"       daemon [_thread_blocked, id=1168, stack(0x000000ba01800000,0x000000ba01900000) (1024K)]
  0x000001d206c7aaa0 JavaThread "http-nio-8080-exec-10"      daemon [_thread_blocked, id=15236, stack(0x000000ba01900000,0x000000ba01a00000) (1024K)]
  0x000001d206c80680 JavaThread "Catalina-utility-2"                [_thread_blocked, id=13988, stack(0x000000ba01a00000,0x000000ba01b00000) (1024K)]
  0x000001d206c79d80 JavaThread "container-0"                       [_thread_blocked, id=7036, stack(0x000000ba01b00000,0x000000ba01c00000) (1024K)]
  0x000001d206c7a410 JavaThread "HikariPool-2 housekeeper"   daemon [_thread_blocked, id=13296, stack(0x000000ba01d00000,0x000000ba01e00000) (1024K)]
Total: 37

Other Threads:
  0x000001d1be9c7390 VMThread "VM Thread"                           [id=8764, stack(0x000000ba7f400000,0x000000ba7f500000) (1024K)] _threads_hazard_ptr=0x000001d207534fc0
  0x000001d1be9b3ad0 WatcherThread "VM Periodic Task Thread"        [id=8288, stack(0x000000ba7f300000,0x000000ba7f400000) (1024K)]
  0x000001d1aebedd40 WorkerThread "GC Thread#0"                     [id=8024, stack(0x000000ba7ee00000,0x000000ba7ef00000) (1024K)]
  0x000001d2044e8aa0 WorkerThread "GC Thread#1"                     [id=11848, stack(0x000000ba00200000,0x000000ba00300000) (1024K)]
  0x000001d2044e9250 WorkerThread "GC Thread#2"                     [id=15300, stack(0x000000ba00300000,0x000000ba00400000) (1024K)]
  0x000001d20451b170 WorkerThread "GC Thread#3"                     [id=7476, stack(0x000000ba00400000,0x000000ba00500000) (1024K)]
  0x000001d1aebff270 ConcurrentGCThread "G1 Main Marker"            [id=12408, stack(0x000000ba7ef00000,0x000000ba7f000000) (1024K)]
  0x000001d1aebffd70 WorkerThread "G1 Conc#0"                       [id=14896, stack(0x000000ba7f000000,0x000000ba7f100000) (1024K)]
  0x000001d1aec4eb00 ConcurrentGCThread "G1 Refine#0"               [id=9760, stack(0x000000ba7f100000,0x000000ba7f200000) (1024K)]
  0x000001d1be888450 ConcurrentGCThread "G1 Service"                [id=13084, stack(0x000000ba7f200000,0x000000ba7f300000) (1024K)]
Total: 10

Threads with active compile tasks:
Total: 0

VM state: synchronizing (normal execution)

VM Mutex/Monitor currently owned by a thread:  ([mutex/lock_event])
[0x00007ffea20da5f8] Threads_lock - owner thread: 0x000001d1be9c7390

Heap address: 0x0000000082000000, size: 2016 MB, Compressed Oops mode: 32-bit

CDS archive(s) mapped at: [0x000001d1bf000000-0x000001d1bfc90000-0x000001d1bfc90000), size 13172736, SharedBaseAddress: 0x000001d1bf000000, ArchiveRelocationMode: 1.
Compressed class space mapped at: 0x000001d1c0000000-0x000001d200000000, reserved size: 1073741824
Narrow klass base: 0x000001d1bf000000, Narrow klass shift: 0, Narrow klass range: 0x100000000

GC Precious Log:
 CardTable entry size: 512
 Card Set container configuration: InlinePtr #cards 5 size 8 Array Of Cards #cards 12 size 40 Howl #buckets 4 coarsen threshold 1843 Howl Bitmap #cards 512 size 80 coarsen threshold 460 Card regions per heap region 1 cards per card region 2048
 CPUs: 4 total, 4 available
 Memory: 8061M
 Large Page Support: Disabled
 NUMA Support: Disabled
 Compressed Oops: Enabled (32-bit)
 Heap Region Size: 1M
 Heap Min Capacity: 8M
 Heap Initial Capacity: 126M
 Heap Max Capacity: 2016M
 Pre-touch: Disabled
 Parallel Workers: 4
 Concurrent Workers: 1
 Concurrent Refinement Workers: 4
 Periodic GC: Disabled

Heap:
 garbage-first heap   total 86016K, used 70826K [0x0000000082000000, 0x0000000100000000)
  region size 1024K, 46 young (47104K), 0 survivors (0K)
 Metaspace       used 66238K, committed 67008K, reserved 1114112K
  class space    used 9181K, committed 9536K, reserved 1048576K

Heap Regions: E=young(eden), S=young(survivor), O=old, HS=humongous(starts), HC=humongous(continues), CS=collection set, F=free, TAMS=top-at-mark-start, PB=parsable bottom
|   0|0x0000000082000000, 0x0000000082100000, 0x0000000082100000|100%|HS|  |TAMS 0x0000000082000000| PB 0x0000000082000000| Untracked 
|   1|0x0000000082100000, 0x0000000082200000, 0x0000000082200000|100%| O|  |TAMS 0x0000000082100000| PB 0x0000000082100000| Untracked 
|   2|0x0000000082200000, 0x0000000082300000, 0x0000000082300000|100%| O|  |TAMS 0x0000000082200000| PB 0x0000000082200000| Untracked 
|   3|0x0000000082300000, 0x0000000082400000, 0x0000000082400000|100%| O|  |TAMS 0x0000000082300000| PB 0x0000000082300000| Untracked 
|   4|0x0000000082400000, 0x00000000824fff98, 0x0000000082500000| 99%| O|  |TAMS 0x0000000082400000| PB 0x0000000082400000| Untracked 
|   5|0x0000000082500000, 0x0000000082600000, 0x0000000082600000|100%| O|  |TAMS 0x0000000082500000| PB 0x0000000082500000| Untracked 
|   6|0x0000000082600000, 0x00000000826ffff8, 0x0000000082700000| 99%| O|  |TAMS 0x0000000082600000| PB 0x0000000082600000| Untracked 
|   7|0x0000000082700000, 0x00000000827fffb8, 0x0000000082800000| 99%| O|  |TAMS 0x0000000082700000| PB 0x0000000082700000| Untracked 
|   8|0x0000000082800000, 0x00000000828ff270, 0x0000000082900000| 99%| O|  |TAMS 0x0000000082800000| PB 0x0000000082800000| Untracked 
|   9|0x0000000082900000, 0x00000000829ffff8, 0x0000000082a00000| 99%| O|  |TAMS 0x0000000082900000| PB 0x0000000082900000| Untracked 
|  10|0x0000000082a00000, 0x0000000082b00000, 0x0000000082b00000|100%| O|  |TAMS 0x0000000082a00000| PB 0x0000000082a00000| Untracked 
|  11|0x0000000082b00000, 0x0000000082c00000, 0x0000000082c00000|100%| O|  |TAMS 0x0000000082b00000| PB 0x0000000082b00000| Untracked 
|  12|0x0000000082c00000, 0x0000000082d00000, 0x0000000082d00000|100%| O|  |TAMS 0x0000000082c00000| PB 0x0000000082c00000| Untracked 
|  13|0x0000000082d00000, 0x0000000082e00000, 0x0000000082e00000|100%| O|  |TAMS 0x0000000082d00000| PB 0x0000000082d00000| Untracked 
|  14|0x0000000082e00000, 0x0000000082effff8, 0x0000000082f00000| 99%| O|  |TAMS 0x0000000082e00000| PB 0x0000000082e00000| Untracked 
|  15|0x0000000082f00000, 0x0000000082ffffd0, 0x0000000083000000| 99%| O|  |TAMS 0x0000000082f00000| PB 0x0000000082f00000| Untracked 
|  16|0x0000000083000000, 0x0000000083100000, 0x0000000083100000|100%| O|  |TAMS 0x0000000083000000| PB 0x0000000083000000| Untracked 
|  17|0x0000000083100000, 0x0000000083200000, 0x0000000083200000|100%| O|  |TAMS 0x0000000083100000| PB 0x0000000083100000| Untracked 
|  18|0x0000000083200000, 0x00000000832fffe8, 0x0000000083300000| 99%| O|  |TAMS 0x0000000083200000| PB 0x0000000083200000| Untracked 
|  19|0x0000000083300000, 0x00000000833ffff8, 0x0000000083400000| 99%| O|  |TAMS 0x0000000083300000| PB 0x0000000083300000| Untracked 
|  20|0x0000000083400000, 0x00000000834fac28, 0x0000000083500000| 97%| O|  |TAMS 0x0000000083400000| PB 0x0000000083400000| Untracked 
|  21|0x0000000083500000, 0x0000000083600000, 0x0000000083600000|100%| O|  |TAMS 0x0000000083500000| PB 0x0000000083500000| Untracked 
|  22|0x0000000083600000, 0x0000000083700000, 0x0000000083700000|100%| O|  |TAMS 0x0000000083600000| PB 0x0000000083600000| Untracked 
|  23|0x0000000083700000, 0x0000000083700000, 0x0000000083800000|  0%| F|  |TAMS 0x0000000083700000| PB 0x0000000083700000| Untracked 
|  24|0x0000000083800000, 0x00000000838c9048, 0x0000000083900000| 78%| O|  |TAMS 0x0000000083800000| PB 0x0000000083800000| Untracked 
|  25|0x0000000083900000, 0x0000000083967b30, 0x0000000083a00000| 40%| O|  |TAMS 0x0000000083900000| PB 0x0000000083900000| Untracked 
|  26|0x0000000083a00000, 0x0000000083a00000, 0x0000000083b00000|  0%| F|  |TAMS 0x0000000083a00000| PB 0x0000000083a00000| Untracked 
|  27|0x0000000083b00000, 0x0000000083b00000, 0x0000000083c00000|  0%| F|  |TAMS 0x0000000083b00000| PB 0x0000000083b00000| Untracked 
|  28|0x0000000083c00000, 0x0000000083c00000, 0x0000000083d00000|  0%| F|  |TAMS 0x0000000083c00000| PB 0x0000000083c00000| Untracked 
|  29|0x0000000083d00000, 0x0000000083d00000, 0x0000000083e00000|  0%| F|  |TAMS 0x0000000083d00000| PB 0x0000000083d00000| Untracked 
|  30|0x0000000083e00000, 0x0000000083e00000, 0x0000000083f00000|  0%| F|  |TAMS 0x0000000083e00000| PB 0x0000000083e00000| Untracked 
|  31|0x0000000083f00000, 0x0000000083f00000, 0x0000000084000000|  0%| F|  |TAMS 0x0000000083f00000| PB 0x0000000083f00000| Untracked 
|  32|0x0000000084000000, 0x0000000084000000, 0x0000000084100000|  0%| F|  |TAMS 0x0000000084000000| PB 0x0000000084000000| Untracked 
|  33|0x0000000084100000, 0x0000000084100000, 0x0000000084200000|  0%| F|  |TAMS 0x0000000084100000| PB 0x0000000084100000| Untracked 
|  34|0x0000000084200000, 0x0000000084200000, 0x0000000084300000|  0%| F|  |TAMS 0x0000000084200000| PB 0x0000000084200000| Untracked 
|  35|0x0000000084300000, 0x0000000084300000, 0x0000000084400000|  0%| F|  |TAMS 0x0000000084300000| PB 0x0000000084300000| Untracked 
|  36|0x0000000084400000, 0x0000000084400000, 0x0000000084500000|  0%| F|  |TAMS 0x0000000084400000| PB 0x0000000084400000| Untracked 
|  37|0x0000000084500000, 0x0000000084500000, 0x0000000084600000|  0%| F|  |TAMS 0x0000000084500000| PB 0x0000000084500000| Untracked 
|  38|0x0000000084600000, 0x00000000846785f8, 0x0000000084700000| 47%| E|  |TAMS 0x0000000084600000| PB 0x0000000084600000| Complete 
|  39|0x0000000084700000, 0x0000000084800000, 0x0000000084800000|100%| E|CS|TAMS 0x0000000084700000| PB 0x0000000084700000| Complete 
|  40|0x0000000084800000, 0x0000000084900000, 0x0000000084900000|100%| E|CS|TAMS 0x0000000084800000| PB 0x0000000084800000| Complete 
|  41|0x0000000084900000, 0x0000000084a00000, 0x0000000084a00000|100%| E|CS|TAMS 0x0000000084900000| PB 0x0000000084900000| Complete 
|  42|0x0000000084a00000, 0x0000000084b00000, 0x0000000084b00000|100%| E|CS|TAMS 0x0000000084a00000| PB 0x0000000084a00000| Complete 
|  43|0x0000000084b00000, 0x0000000084c00000, 0x0000000084c00000|100%| E|CS|TAMS 0x0000000084b00000| PB 0x0000000084b00000| Complete 
|  44|0x0000000084c00000, 0x0000000084d00000, 0x0000000084d00000|100%| E|CS|TAMS 0x0000000084c00000| PB 0x0000000084c00000| Complete 
|  45|0x0000000084d00000, 0x0000000084e00000, 0x0000000084e00000|100%| E|CS|TAMS 0x0000000084d00000| PB 0x0000000084d00000| Complete 
|  46|0x0000000084e00000, 0x0000000084f00000, 0x0000000084f00000|100%| E|CS|TAMS 0x0000000084e00000| PB 0x0000000084e00000| Complete 
|  47|0x0000000084f00000, 0x0000000085000000, 0x0000000085000000|100%| E|CS|TAMS 0x0000000084f00000| PB 0x0000000084f00000| Complete 
|  48|0x0000000085000000, 0x0000000085100000, 0x0000000085100000|100%| E|CS|TAMS 0x0000000085000000| PB 0x0000000085000000| Complete 
|  49|0x0000000085100000, 0x0000000085200000, 0x0000000085200000|100%| E|CS|TAMS 0x0000000085100000| PB 0x0000000085100000| Complete 
|  50|0x0000000085200000, 0x0000000085300000, 0x0000000085300000|100%| E|CS|TAMS 0x0000000085200000| PB 0x0000000085200000| Complete 
|  51|0x0000000085300000, 0x0000000085400000, 0x0000000085400000|100%| E|CS|TAMS 0x0000000085300000| PB 0x0000000085300000| Complete 
|  52|0x0000000085400000, 0x0000000085500000, 0x0000000085500000|100%| E|CS|TAMS 0x0000000085400000| PB 0x0000000085400000| Complete 
|  53|0x0000000085500000, 0x0000000085600000, 0x0000000085600000|100%| E|CS|TAMS 0x0000000085500000| PB 0x0000000085500000| Complete 
|  54|0x0000000085600000, 0x0000000085700000, 0x0000000085700000|100%| E|CS|TAMS 0x0000000085600000| PB 0x0000000085600000| Complete 
|  55|0x0000000085700000, 0x0000000085800000, 0x0000000085800000|100%| E|CS|TAMS 0x0000000085700000| PB 0x0000000085700000| Complete 
|  56|0x0000000085800000, 0x0000000085900000, 0x0000000085900000|100%| E|CS|TAMS 0x0000000085800000| PB 0x0000000085800000| Complete 
|  57|0x0000000085900000, 0x0000000085a00000, 0x0000000085a00000|100%| E|CS|TAMS 0x0000000085900000| PB 0x0000000085900000| Complete 
|  58|0x0000000085a00000, 0x0000000085b00000, 0x0000000085b00000|100%| E|CS|TAMS 0x0000000085a00000| PB 0x0000000085a00000| Complete 
|  59|0x0000000085b00000, 0x0000000085c00000, 0x0000000085c00000|100%| E|CS|TAMS 0x0000000085b00000| PB 0x0000000085b00000| Complete 
|  60|0x0000000085c00000, 0x0000000085d00000, 0x0000000085d00000|100%| E|CS|TAMS 0x0000000085c00000| PB 0x0000000085c00000| Complete 
|  61|0x0000000085d00000, 0x0000000085e00000, 0x0000000085e00000|100%| E|CS|TAMS 0x0000000085d00000| PB 0x0000000085d00000| Complete 
|  62|0x0000000085e00000, 0x0000000085f00000, 0x0000000085f00000|100%| E|CS|TAMS 0x0000000085e00000| PB 0x0000000085e00000| Complete 
|  63|0x0000000085f00000, 0x0000000086000000, 0x0000000086000000|100%| E|CS|TAMS 0x0000000085f00000| PB 0x0000000085f00000| Complete 
|  64|0x0000000086000000, 0x0000000086100000, 0x0000000086100000|100%| E|CS|TAMS 0x0000000086000000| PB 0x0000000086000000| Complete 
|  65|0x0000000086100000, 0x0000000086200000, 0x0000000086200000|100%| E|CS|TAMS 0x0000000086100000| PB 0x0000000086100000| Complete 
|  66|0x0000000086200000, 0x0000000086300000, 0x0000000086300000|100%| E|CS|TAMS 0x0000000086200000| PB 0x0000000086200000| Complete 
|  67|0x0000000086300000, 0x0000000086400000, 0x0000000086400000|100%| E|CS|TAMS 0x0000000086300000| PB 0x0000000086300000| Complete 
|  68|0x0000000086400000, 0x0000000086500000, 0x0000000086500000|100%| E|CS|TAMS 0x0000000086400000| PB 0x0000000086400000| Complete 
|  69|0x0000000086500000, 0x0000000086600000, 0x0000000086600000|100%| E|CS|TAMS 0x0000000086500000| PB 0x0000000086500000| Complete 
|  70|0x0000000086600000, 0x0000000086700000, 0x0000000086700000|100%| E|CS|TAMS 0x0000000086600000| PB 0x0000000086600000| Complete 
|  71|0x0000000086700000, 0x0000000086800000, 0x0000000086800000|100%| E|CS|TAMS 0x0000000086700000| PB 0x0000000086700000| Complete 
|  72|0x0000000086800000, 0x0000000086900000, 0x0000000086900000|100%| E|CS|TAMS 0x0000000086800000| PB 0x0000000086800000| Complete 
|  73|0x0000000086900000, 0x0000000086a00000, 0x0000000086a00000|100%| E|CS|TAMS 0x0000000086900000| PB 0x0000000086900000| Complete 
|  74|0x0000000086a00000, 0x0000000086b00000, 0x0000000086b00000|100%| E|CS|TAMS 0x0000000086a00000| PB 0x0000000086a00000| Complete 
|  75|0x0000000086b00000, 0x0000000086c00000, 0x0000000086c00000|100%| E|CS|TAMS 0x0000000086b00000| PB 0x0000000086b00000| Complete 
|  76|0x0000000086c00000, 0x0000000086d00000, 0x0000000086d00000|100%| E|CS|TAMS 0x0000000086c00000| PB 0x0000000086c00000| Complete 
|  77|0x0000000086d00000, 0x0000000086e00000, 0x0000000086e00000|100%| E|CS|TAMS 0x0000000086d00000| PB 0x0000000086d00000| Complete 
|  78|0x0000000086e00000, 0x0000000086f00000, 0x0000000086f00000|100%| E|CS|TAMS 0x0000000086e00000| PB 0x0000000086e00000| Complete 
|  79|0x0000000086f00000, 0x0000000087000000, 0x0000000087000000|100%| E|CS|TAMS 0x0000000086f00000| PB 0x0000000086f00000| Complete 
|  80|0x0000000087000000, 0x0000000087100000, 0x0000000087100000|100%| E|CS|TAMS 0x0000000087000000| PB 0x0000000087000000| Complete 
|  81|0x0000000087100000, 0x0000000087200000, 0x0000000087200000|100%| E|CS|TAMS 0x0000000087100000| PB 0x0000000087100000| Complete 
|  82|0x0000000087200000, 0x0000000087300000, 0x0000000087300000|100%| E|CS|TAMS 0x0000000087200000| PB 0x0000000087200000| Complete 
|  83|0x0000000087300000, 0x0000000087400000, 0x0000000087400000|100%| E|CS|TAMS 0x0000000087300000| PB 0x0000000087300000| Complete 

Card table byte_map: [0x000001d1ba3d0000,0x000001d1ba7c0000] _byte_map_base: 0x000001d1b9fc0000

Marking Bits: (CMBitMap*) 0x000001d1aebee440
 Bits: [0x000001d1ba7c0000, 0x000001d1bc740000)

Polling page: 0x000001d1acaf0000

Metaspace:

Usage:
  Non-class:     55.72 MB used.
      Class:      8.97 MB used.
       Both:     64.69 MB used.

Virtual space:
  Non-class space:       64.00 MB reserved,      56.12 MB ( 88%) committed,  1 nodes.
      Class space:        1.00 GB reserved,       9.31 MB ( <1%) committed,  1 nodes.
             Both:        1.06 GB reserved,      65.44 MB (  6%) committed. 

Chunk freelists:
   Non-Class:  7.28 MB
       Class:  6.61 MB
        Both:  13.88 MB

MaxMetaspaceSize: unlimited
CompressedClassSpaceSize: 1.00 GB
Initial GC threshold: 21.00 MB
Current GC threshold: 109.00 MB
CDS: on
 - commit_granule_bytes: 65536.
 - commit_granule_words: 8192.
 - virtual_space_node_default_size: 8388608.
 - enlarge_chunks_in_place: 1.
 - use_allocation_guard: 0.


Internal statistics:

num_allocs_failed_limit: 12.
num_arena_births: 1010.
num_arena_deaths: 0.
num_vsnodes_births: 2.
num_vsnodes_deaths: 0.
num_space_committed: 1047.
num_space_uncommitted: 0.
num_chunks_returned_to_freelist: 12.
num_chunks_taken_from_freelist: 3263.
num_chunk_merges: 12.
num_chunk_splits: 2353.
num_chunks_enlarged: 1806.
num_inconsistent_stats: 0.

CodeCache: size=49152Kb used=12519Kb max_used=13643Kb free=36632Kb
 bounds [0x000001d1b6fe0000, 0x000001d1b7d40000, 0x000001d1b9fe0000]
 total_blobs=7143 nmethods=6424 adapters=643
 compilation: enabled
              stopped_count=0, restarted_count=0
 full_count=0

Compilation events (20 events):
Event: 676.486 Thread 0x000001d1bea0d070 6506       1       com.sun.crypto.provider.GaloisCounterMode$GCMDecrypt::checkDataLength (53 bytes)
Event: 676.486 Thread 0x000001d204852470 6507       1       com.sun.crypto.provider.GaloisCounterMode$DecryptOp::doFinal (33 bytes)
Event: 676.486 Thread 0x000001d204852470 nmethod 6507 0x000001d1b7d30810 code [0x000001d1b7d309e0, 0x000001d1b7d30ba8]
Event: 676.486 Thread 0x000001d1bea0d070 nmethod 6506 0x000001d1b7d30d10 code [0x000001d1b7d30ee0, 0x000001d1b7d311a0]
Event: 676.487 Thread 0x000001d206d1cd80 6508       1       com.mysql.cj.ServerVersion::<init> (35 bytes)
Event: 676.488 Thread 0x000001d206d1cd80 nmethod 6508 0x000001d1b7d31390 code [0x000001d1b7d31540, 0x000001d1b7d31948]
Event: 676.530 Thread 0x000001d206d1cd80 6509       1       sun.net.util.IPAddressUtil::digit (18 bytes)
Event: 676.531 Thread 0x000001d206d1cd80 nmethod 6509 0x000001d1b7d31b10 code [0x000001d1b7d31cc0, 0x000001d1b7d31d90]
Event: 676.531 Thread 0x000001d204852470 6510       1       java.net.Socket::isConnected (12 bytes)
Event: 676.531 Thread 0x000001d204852470 nmethod 6510 0x000001d1b7d31e10 code [0x000001d1b7d31fa0, 0x000001d1b7d32060]
Event: 676.535 Thread 0x000001d204852470 6511       1       sun.security.ssl.HandshakeOutStream::putBytes16 (27 bytes)
Event: 676.535 Thread 0x000001d204852470 nmethod 6511 0x000001d1b7d32110 code [0x000001d1b7d32300, 0x000001d1b7d32538]
Event: 676.546 Thread 0x000001d206d1cd80 6512       1       sun.security.ssl.Record::getInt8 (14 bytes)
Event: 676.547 Thread 0x000001d206d1cd80 nmethod 6512 0x000001d1b7d32690 code [0x000001d1b7d32860, 0x000001d1b7d32a20]
Event: 676.558 Thread 0x000001d204852470 6513       1       com.mysql.cj.conf.AbstractPropertyDefinition::isRuntimeModifiable (5 bytes)
Event: 676.558 Thread 0x000001d204852470 nmethod 6513 0x000001d1b7d32b90 code [0x000001d1b7d32d20, 0x000001d1b7d32df0]
Event: 721.660 Thread 0x000001d1bea0d070 6514       1       sun.util.logging.internal.LoggingProviderImpl$JULWrapper::isLoggable (12 bytes)
Event: 721.661 Thread 0x000001d1bea0d070 nmethod 6514 0x000001d1b7c17710 code [0x000001d1b7c178c0, 0x000001d1b7c179f8]
Event: 805.847 Thread 0x000001d1bea0d070 6515   !   1       org.apache.catalina.core.StandardContext::getLoader (38 bytes)
Event: 805.849 Thread 0x000001d1bea0d070 nmethod 6515 0x000001d1b7c16f10 code [0x000001d1b7c17100, 0x000001d1b7c17438]

GC Heap History (20 events):
Event: 5.694 GC heap before
{Heap before GC invocations=10 (full 0):
 garbage-first heap   total 66560K, used 54087K [0x0000000082000000, 0x0000000100000000)
  region size 1024K, 39 young (39936K), 4 survivors (4096K)
 Metaspace       used 32852K, committed 33408K, reserved 1114112K
  class space    used 4366K, committed 4608K, reserved 1048576K
}
Event: 5.703 GC heap after
{Heap after GC invocations=11 (full 0):
 garbage-first heap   total 66560K, used 19231K [0x0000000082000000, 0x0000000100000000)
  region size 1024K, 3 young (3072K), 3 survivors (3072K)
 Metaspace       used 32852K, committed 33408K, reserved 1114112K
  class space    used 4366K, committed 4608K, reserved 1048576K
}
Event: 6.058 GC heap before
{Heap before GC invocations=11 (full 0):
 garbage-first heap   total 66560K, used 46879K [0x0000000082000000, 0x0000000100000000)
  region size 1024K, 31 young (31744K), 3 survivors (3072K)
 Metaspace       used 35575K, committed 36096K, reserved 1114112K
  class space    used 4786K, committed 4992K, reserved 1048576K
}
Event: 6.065 GC heap after
{Heap after GC invocations=12 (full 0):
 garbage-first heap   total 79872K, used 19682K [0x0000000082000000, 0x0000000100000000)
  region size 1024K, 2 young (2048K), 2 survivors (2048K)
 Metaspace       used 35575K, committed 36096K, reserved 1114112K
  class space    used 4786K, committed 4992K, reserved 1048576K
}
Event: 6.741 GC heap before
{Heap before GC invocations=13 (full 0):
 garbage-first heap   total 79872K, used 64738K [0x0000000082000000, 0x0000000100000000)
  region size 1024K, 46 young (47104K), 2 survivors (2048K)
 Metaspace       used 39789K, committed 40320K, reserved 1114112K
  class space    used 5410K, committed 5632K, reserved 1048576K
}
Event: 6.746 GC heap after
{Heap after GC invocations=14 (full 0):
 garbage-first heap   total 79872K, used 20990K [0x0000000082000000, 0x0000000100000000)
  region size 1024K, 3 young (3072K), 3 survivors (3072K)
 Metaspace       used 39789K, committed 40320K, reserved 1114112K
  class space    used 5410K, committed 5632K, reserved 1048576K
}
Event: 7.523 GC heap before
{Heap before GC invocations=14 (full 0):
 garbage-first heap   total 79872K, used 65022K [0x0000000082000000, 0x0000000100000000)
  region size 1024K, 46 young (47104K), 3 survivors (3072K)
 Metaspace       used 46897K, committed 47552K, reserved 1114112K
  class space    used 6340K, committed 6656K, reserved 1048576K
}
Event: 7.532 GC heap after
{Heap after GC invocations=15 (full 0):
 garbage-first heap   total 79872K, used 22120K [0x0000000082000000, 0x0000000100000000)
  region size 1024K, 5 young (5120K), 5 survivors (5120K)
 Metaspace       used 46897K, committed 47552K, reserved 1114112K
  class space    used 6340K, committed 6656K, reserved 1048576K
}
Event: 8.043 GC heap before
{Heap before GC invocations=15 (full 0):
 garbage-first heap   total 79872K, used 63080K [0x0000000082000000, 0x0000000100000000)
  region size 1024K, 46 young (47104K), 5 survivors (5120K)
 Metaspace       used 50756K, committed 51328K, reserved 1114112K
  class space    used 6822K, committed 7104K, reserved 1048576K
}
Event: 8.051 GC heap after
{Heap after GC invocations=16 (full 0):
 garbage-first heap   total 79872K, used 23809K [0x0000000082000000, 0x0000000100000000)
  region size 1024K, 5 young (5120K), 5 survivors (5120K)
 Metaspace       used 50756K, committed 51328K, reserved 1114112K
  class space    used 6822K, committed 7104K, reserved 1048576K
}
Event: 8.617 GC heap before
{Heap before GC invocations=16 (full 0):
 garbage-first heap   total 79872K, used 64769K [0x0000000082000000, 0x0000000100000000)
  region size 1024K, 46 young (47104K), 5 survivors (5120K)
 Metaspace       used 55779K, committed 56384K, reserved 1114112K
  class space    used 7670K, committed 7936K, reserved 1048576K
}
Event: 8.624 GC heap after
{Heap after GC invocations=17 (full 0):
 garbage-first heap   total 79872K, used 24080K [0x0000000082000000, 0x0000000100000000)
  region size 1024K, 4 young (4096K), 4 survivors (4096K)
 Metaspace       used 55779K, committed 56384K, reserved 1114112K
  class space    used 7670K, committed 7936K, reserved 1048576K
}
Event: 9.382 GC heap before
{Heap before GC invocations=17 (full 0):
 garbage-first heap   total 79872K, used 67088K [0x0000000082000000, 0x0000000100000000)
  region size 1024K, 46 young (47104K), 4 survivors (4096K)
 Metaspace       used 59808K, committed 60480K, reserved 1114112K
  class space    used 8278K, committed 8576K, reserved 1048576K
}
Event: 9.391 GC heap after
{Heap after GC invocations=18 (full 0):
 garbage-first heap   total 79872K, used 25722K [0x0000000082000000, 0x0000000100000000)
  region size 1024K, 4 young (4096K), 4 survivors (4096K)
 Metaspace       used 59808K, committed 60480K, reserved 1114112K
  class space    used 8278K, committed 8576K, reserved 1048576K
}
Event: 9.429 GC heap before
{Heap before GC invocations=18 (full 0):
 garbage-first heap   total 79872K, used 28794K [0x0000000082000000, 0x0000000100000000)
  region size 1024K, 8 young (8192K), 4 survivors (4096K)
 Metaspace       used 60141K, committed 60800K, reserved 1114112K
  class space    used 8313K, committed 8640K, reserved 1048576K
}
Event: 9.436 GC heap after
{Heap after GC invocations=19 (full 0):
 garbage-first heap   total 96256K, used 26052K [0x0000000082000000, 0x0000000100000000)
  region size 1024K, 3 young (3072K), 3 survivors (3072K)
 Metaspace       used 60141K, committed 60800K, reserved 1114112K
  class space    used 8313K, committed 8640K, reserved 1048576K
}
Event: 10.213 GC heap before
{Heap before GC invocations=20 (full 0):
 garbage-first heap   total 96256K, used 80324K [0x0000000082000000, 0x0000000100000000)
  region size 1024K, 56 young (57344K), 3 survivors (3072K)
 Metaspace       used 63965K, committed 64640K, reserved 1114112K
  class space    used 8862K, committed 9152K, reserved 1048576K
}
Event: 10.223 GC heap after
{Heap after GC invocations=21 (full 0):
 garbage-first heap   total 96256K, used 29119K [0x0000000082000000, 0x0000000100000000)
  region size 1024K, 6 young (6144K), 6 survivors (6144K)
 Metaspace       used 63965K, committed 64640K, reserved 1114112K
  class space    used 8862K, committed 9152K, reserved 1048576K
}
Event: 674.880 GC heap before
{Heap before GC invocations=21 (full 0):
 garbage-first heap   total 96256K, used 58815K [0x0000000082000000, 0x0000000100000000)
  region size 1024K, 37 young (37888K), 6 survivors (6144K)
 Metaspace       used 66165K, committed 66944K, reserved 1114112K
  class space    used 9169K, committed 9536K, reserved 1048576K
}
Event: 674.959 GC heap after
{Heap after GC invocations=22 (full 1):
 garbage-first heap   total 86016K, used 24746K [0x0000000082000000, 0x0000000100000000)
  region size 1024K, 0 young (0K), 0 survivors (0K)
 Metaspace       used 66165K, committed 66944K, reserved 1114112K
  class space    used 9169K, committed 9536K, reserved 1048576K
}

Dll operation events (12 events):
Event: 0.016 Loaded shared library C:\Program Files\Java\jdk-21\bin\java.dll
Event: 0.432 Loaded shared library C:\Program Files\Java\jdk-21\bin\zip.dll
Event: 0.438 Loaded shared library C:\Program Files\Java\jdk-21\bin\instrument.dll
Event: 0.446 Loaded shared library C:\Program Files\Java\jdk-21\bin\net.dll
Event: 0.448 Loaded shared library C:\Program Files\Java\jdk-21\bin\nio.dll
Event: 0.453 Loaded shared library C:\Program Files\Java\jdk-21\bin\zip.dll
Event: 0.677 Loaded shared library C:\Program Files\Java\jdk-21\bin\jimage.dll
Event: 0.749 Loaded shared library C:\Program Files\Java\jdk-21\bin\management.dll
Event: 0.765 Loaded shared library C:\Program Files\Java\jdk-21\bin\management_ext.dll
Event: 1.109 Loaded shared library C:\Program Files\Java\jdk-21\bin\extnet.dll
Event: 1.171 Loaded shared library C:\Program Files\Java\jdk-21\bin\verify.dll
Event: 3.123 Loaded shared library C:\Program Files\Java\jdk-21\bin\sunmscapi.dll

Deoptimization events (20 events):
Event: 676.015 Thread 0x000001d206c7be50 DEOPT PACKING pc=0x000001d1b770a764 sp=0x000000ba00df95d0
Event: 676.015 Thread 0x000001d206c7be50 DEOPT UNPACKING pc=0x000001d1b7034e42 sp=0x000000ba00df8b08 mode 1
Event: 676.015 Thread 0x000001d206c7be50 DEOPT PACKING pc=0x000001d1b770be04 sp=0x000000ba00df96c0
Event: 676.015 Thread 0x000001d206c7be50 DEOPT UNPACKING pc=0x000001d1b7034e42 sp=0x000000ba00df8c70 mode 1
Event: 676.015 Thread 0x000001d206c7be50 DEOPT PACKING pc=0x000001d1b770d63c sp=0x000000ba00df9830
Event: 676.015 Thread 0x000001d206c7be50 DEOPT UNPACKING pc=0x000001d1b7034e42 sp=0x000000ba00df8df0 mode 1
Event: 676.015 Thread 0x000001d206c7be50 DEOPT PACKING pc=0x000001d1b770a764 sp=0x000000ba00df95d0
Event: 676.015 Thread 0x000001d206c7be50 DEOPT UNPACKING pc=0x000001d1b7034e42 sp=0x000000ba00df8b08 mode 1
Event: 676.015 Thread 0x000001d206c7be50 DEOPT PACKING pc=0x000001d1b770be04 sp=0x000000ba00df96c0
Event: 676.015 Thread 0x000001d206c7be50 DEOPT UNPACKING pc=0x000001d1b7034e42 sp=0x000000ba00df8c70 mode 1
Event: 676.015 Thread 0x000001d206c7be50 DEOPT PACKING pc=0x000001d1b770d63c sp=0x000000ba00df9830
Event: 676.015 Thread 0x000001d206c7be50 DEOPT UNPACKING pc=0x000001d1b7034e42 sp=0x000000ba00df8df0 mode 1
Event: 676.017 Thread 0x000001d206c7be50 DEOPT PACKING pc=0x000001d1b770a764 sp=0x000000ba00dfc940
Event: 676.017 Thread 0x000001d206c7be50 DEOPT UNPACKING pc=0x000001d1b7034e42 sp=0x000000ba00dfbe78 mode 1
Event: 676.017 Thread 0x000001d206c7be50 DEOPT PACKING pc=0x000001d1b770be04 sp=0x000000ba00dfca30
Event: 676.017 Thread 0x000001d206c7be50 DEOPT UNPACKING pc=0x000001d1b7034e42 sp=0x000000ba00dfbfe0 mode 1
Event: 676.017 Thread 0x000001d206c7be50 DEOPT PACKING pc=0x000001d1b770d63c sp=0x000000ba00dfcba0
Event: 676.017 Thread 0x000001d206c7be50 DEOPT UNPACKING pc=0x000001d1b7034e42 sp=0x000000ba00dfc160 mode 1
Event: 799.863 Thread 0x000001d206c7be50 DEOPT PACKING pc=0x000001d1b7390fb4 sp=0x000000ba00dfdbf0
Event: 799.863 Thread 0x000001d206c7be50 DEOPT UNPACKING pc=0x000001d1b7034e42 sp=0x000000ba00dfd0a8 mode 0

Classes loaded (20 events):
Event: 674.845 Loading class sun/security/ssl/Alert
Event: 674.845 Loading class sun/security/ssl/Alert done
Event: 674.846 Loading class sun/security/ssl/Alert$AlertConsumer
Event: 674.847 Loading class sun/security/ssl/Alert$AlertConsumer done
Event: 674.847 Loading class sun/security/ssl/Alert$Level
Event: 674.847 Loading class sun/security/ssl/Alert$Level done
Event: 674.848 Loading class sun/net/ConnectionResetException
Event: 674.849 Loading class sun/net/ConnectionResetException done
Event: 674.873 Loading class java/util/WeakHashMap$KeyIterator
Event: 674.874 Loading class java/util/WeakHashMap$HashIterator
Event: 674.874 Loading class java/util/WeakHashMap$HashIterator done
Event: 674.874 Loading class java/util/WeakHashMap$KeyIterator done
Event: 674.960 Loading class java/lang/ref/Finalizer$2
Event: 674.960 Loading class java/lang/ref/Finalizer$2 done
Event: 674.961 Loading class java/lang/ref/Finalizer$1
Event: 674.961 Loading class java/lang/ref/Finalizer$1 done
Event: 675.584 Loading class java/util/WeakHashMap$EntrySet
Event: 675.584 Loading class java/util/WeakHashMap$EntrySet done
Event: 675.585 Loading class java/util/WeakHashMap$EntryIterator
Event: 675.585 Loading class java/util/WeakHashMap$EntryIterator done

Classes unloaded (0 events):
No events

Classes redefined (1 events):
Event: 674.096 Thread 0x000001d1be9c7390 redefined class name=com.example.demo.EmployeeController, count=1

Internal exceptions (20 events):
Event: 674.856 Thread 0x000001d206c7f960 Exception <a 'java/io/IOException'{0x0000000085f13358}> (0x0000000085f13358) 
thrown [s\open\src\hotspot\share\prims\jni.cpp, line 520]
Event: 674.856 Thread 0x000001d206c7f960 Exception <a 'java/io/IOException'{0x0000000085f13f78}> (0x0000000085f13f78) 
thrown [s\open\src\hotspot\share\prims\jni.cpp, line 520]
Event: 674.857 Thread 0x000001d206c7f960 Exception <a 'java/io/IOException'{0x0000000085f15db0}> (0x0000000085f15db0) 
thrown [s\open\src\hotspot\share\prims\jni.cpp, line 520]
Event: 674.857 Thread 0x000001d206c7f960 Exception <a 'java/io/IOException'{0x0000000085f169d0}> (0x0000000085f169d0) 
thrown [s\open\src\hotspot\share\prims\jni.cpp, line 520]
Event: 674.859 Thread 0x000001d206c7f960 Exception <a 'java/io/IOException'{0x0000000085f18808}> (0x0000000085f18808) 
thrown [s\open\src\hotspot\share\prims\jni.cpp, line 520]
Event: 674.859 Thread 0x000001d206c7f960 Exception <a 'java/io/IOException'{0x0000000085f19428}> (0x0000000085f19428) 
thrown [s\open\src\hotspot\share\prims\jni.cpp, line 520]
Event: 674.860 Thread 0x000001d206c7f960 Exception <a 'java/io/IOException'{0x0000000085f1b260}> (0x0000000085f1b260) 
thrown [s\open\src\hotspot\share\prims\jni.cpp, line 520]
Event: 674.861 Thread 0x000001d206c7f960 Exception <a 'java/io/IOException'{0x0000000085f1be80}> (0x0000000085f1be80) 
thrown [s\open\src\hotspot\share\prims\jni.cpp, line 520]
Event: 674.862 Thread 0x000001d206c7f960 Exception <a 'java/io/IOException'{0x0000000085f1dcb8}> (0x0000000085f1dcb8) 
thrown [s\open\src\hotspot\share\prims\jni.cpp, line 520]
Event: 674.863 Thread 0x000001d206c7f960 Exception <a 'java/io/IOException'{0x0000000085f1e8d8}> (0x0000000085f1e8d8) 
thrown [s\open\src\hotspot\share\prims\jni.cpp, line 520]
Event: 674.879 Thread 0x000001d2049a77a0 Exception <a 'java/lang/InterruptedException'{0x0000000085fb5ef0}: sleep interrupted> (0x0000000085fb5ef0) 
thrown [s\open\src\hotspot\share\prims\jvm.cpp, line 3074]
Event: 674.996 Thread 0x000001d206c7be50 Exception <a 'sun/nio/fs/WindowsException'{0x00000000873c2858}> (0x00000000873c2858) 
thrown [s\open\src\hotspot\share\prims\jni.cpp, line 520]
Event: 675.602 Thread 0x000001d206c7be50 Exception <a 'java/lang/NoClassDefFoundError'{0x0000000085d65820}: org/flywaydb/core/Flyway> (0x0000000085d65820) 
thrown [s\open\src\hotspot\share\oops\constantPool.cpp, line 871]
Event: 675.606 Thread 0x000001d206c7be50 Exception <a 'java/lang/NoClassDefFoundError'{0x0000000085d65e80}: liquibase/integration/spring/SpringLiquibase> (0x0000000085d65e80) 
thrown [s\open\src\hotspot\share\oops\constantPool.cpp, line 871]
Event: 675.619 Thread 0x000001d206c7be50 Exception <a 'java/lang/NoClassDefFoundError'{0x0000000085dbf058}: org/jooq/DSLContext> (0x0000000085dbf058) 
thrown [s\open\src\hotspot\share\oops\constantPool.cpp, line 871]
Event: 675.622 Thread 0x000001d206c7be50 Exception <a 'java/lang/NoClassDefFoundError'{0x0000000085dca210}: org/springframework/batch/core/repository/JobRepository> (0x0000000085dca210) 
thrown [s\open\src\hotspot\share\oops\constantPool.cpp, line 871]
Event: 675.625 Thread 0x000001d206c7be50 Exception <a 'java/lang/NoClassDefFoundError'{0x0000000085dca868}: org/quartz/Scheduler> (0x0000000085dca868) 
thrown [s\open\src\hotspot\share\oops\constantPool.cpp, line 871]
Event: 675.627 Thread 0x000001d206c7be50 Exception <a 'java/lang/NoClassDefFoundError'{0x0000000085dcaee8}: org/springframework/session/jdbc/JdbcIndexedSessionRepository> (0x0000000085dcaee8) 
thrown [s\open\src\hotspot\share\oops\constantPool.cpp, line 871]
Event: 675.736 Thread 0x000001d206c7be50 Exception <a 'java/io/FileNotFoundException'{0x000000008562c170}> (0x000000008562c170) 
thrown [s\open\src\hotspot\share\prims\jni.cpp, line 520]
Event: 675.768 Thread 0x000001d206c7be50 Exception <a 'java/io/FileNotFoundException'{0x00000000855d0c60}> (0x00000000855d0c60) 
thrown [s\open\src\hotspot\share\prims\jni.cpp, line 520]

ZGC Phase Switch (0 events):
No events

VM Operations (20 events):
Event: 800.263 Executing VM operation: get/set locals
Event: 800.263 Executing VM operation: get/set locals done
Event: 800.264 Executing VM operation: get/set locals
Event: 800.264 Executing VM operation: get/set locals done
Event: 800.265 Executing VM operation: get/set locals
Event: 800.265 Executing VM operation: get/set locals done
Event: 800.266 Executing VM operation: get/set locals
Event: 800.266 Executing VM operation: get/set locals done
Event: 800.267 Executing VM operation: get/set locals
Event: 800.267 Executing VM operation: get/set locals done
Event: 800.268 Executing VM operation: get/set locals
Event: 800.268 Executing VM operation: get/set locals done
Event: 800.269 Executing VM operation: get/set locals
Event: 800.269 Executing VM operation: get/set locals done
Event: 800.270 Executing VM operation: get/set locals
Event: 800.270 Executing VM operation: get/set locals done
Event: 800.271 Executing VM operation: get/set locals
Event: 800.271 Executing VM operation: get/set locals done
Event: 800.273 Executing VM operation: get/set locals
Event: 800.273 Executing VM operation: get/set locals done

Events (20 events):
Event: 675.335 Thread 0x000001d204852470 Thread added: 0x000001d204852470
Event: 675.769 Thread 0x000001d206c796f0 Thread added: 0x000001d206c796f0
Event: 675.769 Thread 0x000001d206c7c4e0 Thread added: 0x000001d206c7c4e0
Event: 675.769 Thread 0x000001d206c7cb70 Thread added: 0x000001d206c7cb70
Event: 675.770 Thread 0x000001d206c7ec40 Thread added: 0x000001d206c7ec40
Event: 675.770 Thread 0x000001d206c7f2d0 Thread added: 0x000001d206c7f2d0
Event: 675.771 Thread 0x000001d206c7f960 Thread added: 0x000001d206c7f960
Event: 675.772 Thread 0x000001d206c7b130 Thread added: 0x000001d206c7b130
Event: 675.772 Thread 0x000001d206c7d200 Thread added: 0x000001d206c7d200
Event: 675.773 Thread 0x000001d206c7fff0 Thread added: 0x000001d206c7fff0
Event: 675.773 Thread 0x000001d206c7df20 Thread added: 0x000001d206c7df20
Event: 675.773 Thread 0x000001d206c7aaa0 Thread added: 0x000001d206c7aaa0
Event: 675.774 Thread 0x000001d206c80680 Thread added: 0x000001d206c80680
Event: 675.774 Thread 0x000001d206c79d80 Thread added: 0x000001d206c79d80
Event: 675.908 Thread 0x000001d206c7a410 Thread added: 0x000001d206c7a410
Event: 676.010 Thread 0x000001d2049abfd0 Thread added: 0x000001d2049abfd0
Event: 676.359 Thread 0x000001d206d1cd80 Thread added: 0x000001d206d1cd80
Event: 681.565 Thread 0x000001d206d1cd80 Thread exited: 0x000001d206d1cd80
Event: 681.597 Thread 0x000001d2049abfd0 Thread exited: 0x000001d2049abfd0
Event: 686.579 Thread 0x000001d204852470 Thread exited: 0x000001d204852470


Dynamic libraries:
0x00007ff7b9150000 - 0x00007ff7b9160000 	C:\Program Files\Java\jdk-21\bin\javaw.exe
0x00007fff01a50000 - 0x00007fff01c48000 	C:\Windows\SYSTEM32\ntdll.dll
0x00007ffeffa90000 - 0x00007ffeffb4d000 	C:\Windows\System32\KERNEL32.DLL
0x00007ffeff1c0000 - 0x00007ffeff4b6000 	C:\Windows\System32\KERNELBASE.dll
0x00007ffefc660000 - 0x00007ffefc6f0000 	C:\Windows\SYSTEM32\apphelp.dll
0x00007ffeff6e0000 - 0x00007ffeff7e0000 	C:\Windows\System32\ucrtbase.dll
0x00007ffef9b80000 - 0x00007ffef9b99000 	C:\Program Files\Java\jdk-21\bin\jli.dll
0x00007fff012f0000 - 0x00007fff013a0000 	C:\Windows\System32\ADVAPI32.dll
0x00007fff01000000 - 0x00007fff0109e000 	C:\Windows\System32\msvcrt.dll
0x00007ffeffb50000 - 0x00007ffeffbf0000 	C:\Windows\System32\sechost.dll
0x00007fff00400000 - 0x00007fff00523000 	C:\Windows\System32\RPCRT4.dll
0x00007ffeffa60000 - 0x00007ffeffa87000 	C:\Windows\System32\bcrypt.dll
0x00007fff00140000 - 0x00007fff002df000 	C:\Windows\System32\USER32.dll
0x00007ffeff620000 - 0x00007ffeff642000 	C:\Windows\System32\win32u.dll
0x00007fff00060000 - 0x00007fff0008b000 	C:\Windows\System32\GDI32.dll
0x00007ffeff8d0000 - 0x00007ffeff9e7000 	C:\Windows\System32\gdi32full.dll
0x00007ffeff7e0000 - 0x00007ffeff87d000 	C:\Windows\System32\msvcp_win.dll
0x00007ffef8b60000 - 0x00007ffef8b7b000 	C:\Program Files\Java\jdk-21\bin\VCRUNTIME140.dll
0x00007ffedb310000 - 0x00007ffedb5aa000 	C:\Windows\WinSxS\amd64_microsoft.windows.common-controls_6595b64144ccf1df_6.0.19041.4355_none_60b8b9eb71f62e16\COMCTL32.dll
0x00007ffef91e0000 - 0x00007ffef91ea000 	C:\Windows\SYSTEM32\VERSION.dll
0x00007fff01400000 - 0x00007fff0142f000 	C:\Windows\System32\IMM32.DLL
0x00007ffef8ac0000 - 0x00007ffef8acc000 	C:\Program Files\Java\jdk-21\bin\vcruntime140_1.dll
0x00007ffec9bf0000 - 0x00007ffec9c7e000 	C:\Program Files\Java\jdk-21\bin\msvcp140.dll
0x00007ffea14a0000 - 0x00007ffea21b5000 	C:\Program Files\Java\jdk-21\bin\server\jvm.dll
0x00007fff01870000 - 0x00007fff018db000 	C:\Windows\System32\WS2_32.dll
0x00007ffefef60000 - 0x00007ffefefab000 	C:\Windows\SYSTEM32\POWRPROF.dll
0x00007ffef82e0000 - 0x00007ffef8307000 	C:\Windows\SYSTEM32\WINMM.dll
0x00007ffefef40000 - 0x00007ffefef52000 	C:\Windows\SYSTEM32\UMPDC.dll
0x00007ffefd970000 - 0x00007ffefd982000 	C:\Windows\SYSTEM32\kernel.appcore.dll
0x00007ffef8ab0000 - 0x00007ffef8aba000 	C:\Program Files\Java\jdk-21\bin\jimage.dll
0x00007ffefd630000 - 0x00007ffefd814000 	C:\Windows\SYSTEM32\DBGHELP.DLL
0x00007ffef6d80000 - 0x00007ffef6db4000 	C:\Windows\SYSTEM32\dbgcore.DLL
0x00007ffeff650000 - 0x00007ffeff6d2000 	C:\Windows\System32\bcryptPrimitives.dll
0x00007ffec9640000 - 0x00007ffec967c000 	C:\Program Files\Java\jdk-21\bin\jdwp.dll
0x00007ffef66e0000 - 0x00007ffef66ef000 	C:\Program Files\Java\jdk-21\bin\instrument.dll
0x00007ffef58a0000 - 0x00007ffef58bf000 	C:\Program Files\Java\jdk-21\bin\java.dll
0x00007fff00890000 - 0x00007fff00ffa000 	C:\Windows\System32\SHELL32.dll
0x00007ffefcdc0000 - 0x00007ffefd55d000 	C:\Windows\SYSTEM32\windows.storage.dll
0x00007fff01510000 - 0x00007fff01863000 	C:\Windows\System32\combase.dll
0x00007ffefea60000 - 0x00007ffefea8e000 	C:\Windows\SYSTEM32\Wldp.dll
0x00007fff01440000 - 0x00007fff0150d000 	C:\Windows\System32\OLEAUT32.dll
0x00007fff007e0000 - 0x00007fff0088d000 	C:\Windows\System32\SHCORE.dll
0x00007fff010a0000 - 0x00007fff010f5000 	C:\Windows\System32\shlwapi.dll
0x00007ffeff040000 - 0x00007ffeff064000 	C:\Windows\SYSTEM32\profapi.dll
0x00007ffef66b0000 - 0x00007ffef66bc000 	C:\Program Files\Java\jdk-21\bin\dt_socket.dll
0x00007ffefe4a0000 - 0x00007ffefe4db000 	C:\Windows\SYSTEM32\IPHLPAPI.DLL
0x00007ffefe7c0000 - 0x00007ffefe82a000 	C:\Windows\system32\mswsock.dll
0x00007ffefe4e0000 - 0x00007ffefe5aa000 	C:\Windows\SYSTEM32\DNSAPI.dll
0x00007fff01430000 - 0x00007fff01438000 	C:\Windows\System32\NSI.dll
0x00007ffef5040000 - 0x00007ffef504a000 	C:\Windows\System32\rasadhlp.dll
0x00007ffef51f0000 - 0x00007ffef5270000 	C:\Windows\System32\fwpuclnt.dll
0x00007ffef4500000 - 0x00007ffef4518000 	C:\Program Files\Java\jdk-21\bin\zip.dll
0x00007ffef65d0000 - 0x00007ffef65e0000 	C:\Program Files\Java\jdk-21\bin\net.dll
0x00007ffef76a0000 - 0x00007ffef77aa000 	C:\Windows\SYSTEM32\WINHTTP.dll
0x00007ffef4000000 - 0x00007ffef4016000 	C:\Program Files\Java\jdk-21\bin\nio.dll
0x00007ffef6070000 - 0x00007ffef607a000 	C:\Program Files\Java\jdk-21\bin\management.dll
0x00007ffef44f0000 - 0x00007ffef44fb000 	C:\Program Files\Java\jdk-21\bin\management_ext.dll
0x00007fff00110000 - 0x00007fff00118000 	C:\Windows\System32\PSAPI.DLL
0x00007ffee1580000 - 0x00007ffee1597000 	C:\Windows\system32\napinsp.dll
0x00007ffee1560000 - 0x00007ffee157b000 	C:\Windows\system32\pnrpnsp.dll
0x00007ffee1540000 - 0x00007ffee1555000 	C:\Windows\system32\wshbth.dll
0x00007ffef9240000 - 0x00007ffef925d000 	C:\Windows\system32\NLAapi.dll
0x00007ffee0c10000 - 0x00007ffee0c22000 	C:\Windows\System32\winrnr.dll
0x00007ffefe9b0000 - 0x00007ffefe9c8000 	C:\Windows\SYSTEM32\CRYPTSP.dll
0x00007ffefe0e0000 - 0x00007ffefe114000 	C:\Windows\system32\rsaenh.dll
0x00007ffefeff0000 - 0x00007ffeff01e000 	C:\Windows\SYSTEM32\USERENV.dll
0x00007ffefe9d0000 - 0x00007ffefe9dc000 	C:\Windows\SYSTEM32\CRYPTBASE.dll
0x00007ffef3ff0000 - 0x00007ffef3ff7000 	C:\Program Files\Java\jdk-21\bin\extnet.dll
0x00007ffeebba0000 - 0x00007ffeebbb0000 	C:\Program Files\Java\jdk-21\bin\verify.dll
0x00007ffee66e0000 - 0x00007ffee66ee000 	C:\Program Files\Java\jdk-21\bin\sunmscapi.dll
0x00007ffeff4c0000 - 0x00007ffeff61e000 	C:\Windows\System32\CRYPT32.dll
0x00007ffefead0000 - 0x00007ffefeaf9000 	C:\Windows\SYSTEM32\ncrypt.dll
0x00007ffefea90000 - 0x00007ffefeacb000 	C:\Windows\SYSTEM32\NTASN1.dll
0x00007ffef4520000 - 0x00007ffef4527000 	C:\Windows\system32\wshunix.dll

dbghelp: loaded successfully - version: 4.0.5 - missing functions: none
symbol engine: initialized successfully - sym options: 0x614 - pdb path: .;C:\Program Files\Java\jdk-21\bin;C:\Windows\SYSTEM32;C:\Windows\WinSxS\amd64_microsoft.windows.common-controls_6595b64144ccf1df_6.0.19041.4355_none_60b8b9eb71f62e16;C:\Program Files\Java\jdk-21\bin\server

VM Arguments:
jvm_args: -XX:+ShowCodeDetailsInExceptionMessages -agentlib:jdwp=transport=dt_socket,suspend=y,address=localhost:56078 -Dcom.sun.management.jmxremote -Dcom.sun.management.jmxremote.port=56077 -Dcom.sun.management.jmxremote.authenticate=false -Dcom.sun.management.jmxremote.ssl=false -Djava.rmi.server.hostname=localhost -Dspring.jmx.enabled=true -Dmanagement.endpoints.jmx.exposure.include=* -Dspring.application.admin.enabled=true -XX:TieredStopAtLevel=1 -Dspring.boot.project.name=empdet -javaagent:D:\software\Spring Tool\sts-4.22.1.RELEASE\configuration\org.eclipse.osgi\266\0\.cp\lib\javaagent-shaded.jar -Dfile.encoding=UTF-8 -Dstdout.encoding=UTF-8 -Dstderr.encoding=UTF-8 
java_command: com.example.demo.EmpdetApplication --spring.output.ansi.enabled=always
java_class_path (initial): C:\Users\User\eclipse-workspace\empdet\target\classes;C:\Users\User\.m2\repository\org\springframework\boot\spring-boot-starter-data-jpa\3.3.0\spring-boot-starter-data-jpa-3.3.0.jar;C:\Users\User\.m2\repository\org\springframework\boot\spring-boot-starter-aop\3.3.0\spring-boot-starter-aop-3.3.0.jar;C:\Users\User\.m2\repository\org\springframework\spring-aop\6.1.8\spring-aop-6.1.8.jar;C:\Users\User\.m2\repository\org\aspectj\aspectjweaver\1.9.22\aspectjweaver-1.9.22.jar;C:\Users\User\.m2\repository\org\springframework\boot\spring-boot-starter-jdbc\3.3.0\spring-boot-starter-jdbc-3.3.0.jar;C:\Users\User\.m2\repository\com\zaxxer\HikariCP\5.1.0\HikariCP-5.1.0.jar;C:\Users\User\.m2\repository\org\springframework\spring-jdbc\6.1.8\spring-jdbc-6.1.8.jar;C:\Users\User\.m2\repository\org\hibernate\orm\hibernate-core\6.5.2.Final\hibernate-core-6.5.2.Final.jar;C:\Users\User\.m2\repository\jakarta\persistence\jakarta.persistence-api\3.1.0\jakarta.persistence-api-3.1.0.jar;C:\Users\User\.m2\repository\jakarta\transaction\jakarta.transaction-api\2.0.1\jakarta.transaction-api-2.0.1.jar;C:\Users\User\.m2\repository\org\jboss\logging\jboss-logging\3.5.3.Final\jboss-logging-3.5.3.Final.jar;C:\Users\User\.m2\repository\org\hibernate\common\hibernate-commons-annotations\6.0.6.Final\hibernate-commons-annotations-6.0.6.Final.jar;C:\Users\User\.m2\repository\io\smallrye\jandex\3.1.2\jandex-3.1.2.jar;C:\Users\User\.m2\repository\com\fasterxml\classmate\1.7.0\classmate-1.7.0.jar;C:\Users\User\.m2\repository\net\bytebuddy\byte-buddy\1.14.16\byte-buddy-1.14.16.jar;C:\Users\User\.m2\repository\org\glassfish\jaxb\jaxb-runtime\4.0.5\jaxb-runtime-4.0.5.jar;C:\Users\User\.m2\repository\org\glassfish\jaxb\jaxb-core\4.0.5\jaxb-core-4.0.5.jar;C:\Users\User\.m2\repository\org\eclipse\angus\angus-activation\2.0.2\angus-activation-2.0.2.jar;C:\Users\User\.m2\repository\org\glassfish\jaxb\txw2\4.0.5\txw2-4.0.5.jar;C:\Users\User\.m2\repository\com\sun\istack\istack-commons-runtime\4.1.2\istack-commons-runtime-4.1.2.jar;C:\Users\User\.m2\repository\jakarta\inject\jakarta.inject-api\2.0.1\jakarta.inject-api-2.0.1.jar;C:\Users\User\.m2\repository\org\antlr\antlr4-runtime\4.13.0\antlr4-runtime-4.13.0.jar;C:\Users\User\.m2\repository\org\springframework\data\spring-data-jpa\3.3.0\spring-data-jpa-3.3.0.jar;C:\Users\User\.m2\repository\org\springframework\data\spring-data-commons\3.3.0\spring-data-commons-3.3.0.jar;C:\Users\User\.m2\repository\org\springframework\spring-orm\6.1.8\spring-orm-6.1.8.jar;C:\Users\User\.m2\repository\org\springframework\spring-context\6.1.8\spring-context-6.1.8.jar;C:\Users\User\.m2\repository\org\springframework\spring-tx\6.1.8\spring-tx-6.1.8.jar;C:\Users\User\.m2\repository\org\springframework\spring-beans\6.1.8\spring-beans-6.1.8.jar;C:\Users\User\.m2\repository\jakarta\annotation\jakarta.annotation-api\2.1.1\jakarta.annotation-api-2.1.1.jar;C:\Users\User\.m2\repository\org\slf4j\slf4j-api\2.0.13\slf4j-api-2.0.13.jar;C:\Users\User\.m2\repository\org\springframework\spring-aspects\6.1.8\spring-aspects-6.1.8.jar;C:\Users\User\.m2\repository\org\springframework\boot\spring-boot-starter-web\3.3.0\spring-boot-starter-web-3.3.0.jar;C:\Users\User\.m2\repository\org\springframework\boot\spring-boot-starter\3.3.0\spring-boot-starter-3.3.0.jar;C:\Users\User\.m2\repository\org\springframework\boot\spring-boot-starter-logging\3.3.0\spring-boot-starter-logging-3.3.0.jar;C:\Users\User\.m2\repository\ch\qos\logback\logback-classic\1.5.6\logback-classic-1.5.6.jar;C:\Users\User\.m2\repository\ch\qos\logback\logback-core\1.5.6\logback-core-1.5.6.jar;C:\Users\User\.m2\repository\org\apache\logging\log4j\log4j-to-slf4j\2.23.1\log4j-to-slf4j-2.23.1.jar;C:\Users\User\.m2\repository\org\apache\logging\log4j\log4j-api\2.23.1\log4j-api-2.23.1.jar;C:\Users\User\.m2\repository\org\slf4j\jul-to-slf4j\2.0.13\jul-to-slf4j-2.0.13.jar;C:\Users\User\.m2\repository\org\yaml\snakeyaml\2.2\snakeyaml-2.2.jar;C:\Users\User\.m2\repository\org\springframework\boot\spring-boot-starter-json\3.3.0\spring-boot-starter-json-3.3.0.jar;C:\Users\User\.m2\repository\com\fasterxml\jackson\core\jackson-databind\2.17.1\jackson-databind-2.17.1.jar;C:\Users\User\.m2\repository\com\fasterxml\jackson\core\jackson-annotations\2.17.1\jackson-annotations-2.17.1.jar;C:\Users\User\.m2\repository\com\fasterxml\jackson\core\jackson-core\2.17.1\jackson-core-2.17.1.jar;C:\Users\User\.m2\repository\com\fasterxml\jackson\datatype\jackson-datatype-jdk8\2.17.1\jackson-datatype-jdk8-2.17.1.jar;C:\Users\User\.m2\repository\com\fasterxml\jackson\datatype\jackson-datatype-jsr310\2.17.1\jackson-datatype-jsr310-2.17.1.jar;C:\Users\User\.m2\repository\com\fasterxml\jackson\module\jackson-module-parameter-names\2.17.1\jackson-module-parameter-names-2.17.1.jar;C:\Users\User\.m2\repository\org\springframework\boot\spring-boot-starter-tomcat\3.3.0\spring-boot-starter-tomcat-3.3.0.jar;C:\Users\User\.m2\repository\org\apache\tomcat\embed\tomcat-embed-core\10.1.24\tomcat-embed-core-10.1.24.jar;C:\Users\User\.m2\repository\org\apache\tomcat\embed\tomcat-embed-el\10.1.24\tomcat-embed-el-10.1.24.jar;C:\Users\User\.m2\repository\org\apache\tomcat\embed\tomcat-embed-websocket\10.1.24\tomcat-embed-websocket-10.1.24.jar;C:\Users\User\.m2\repository\org\springframework\spring-web\6.1.8\spring-web-6.1.8.jar;C:\Users\User\.m2\repository\io\micrometer\micrometer-observation\1.13.0\micrometer-observation-1.13.0.jar;C:\Users\User\.m2\repository\io\micrometer\micrometer-commons\1.13.0\micrometer-commons-1.13.0.jar;C:\Users\User\.m2\repository\org\springframework\spring-webmvc\6.1.8\spring-webmvc-6.1.8.jar;C:\Users\User\.m2\repository\org\springframework\spring-expression\6.1.8\spring-expression-6.1.8.jar;C:\Users\User\.m2\repository\org\springframework\boot\spring-boot-devtools\3.3.0\spring-boot-devtools-3.3.0.jar;C:\Users\User\.m2\repository\org\springframework\boot\spring-boot\3.3.0\spring-boot-3.3.0.jar;C:\Users\User\.m2\repository\org\springframework\boot\spring-boot-autoconfigure\3.3.0\spring-boot-autoconfigure-3.3.0.jar;C:\Users\User\.m2\repository\com\mysql\mysql-connector-j\8.3.0\mysql-connector-j-8.3.0.jar;C:\Users\User\.m2\repository\jakarta\xml\bind\jakarta.xml.bind-api\4.0.2\jakarta.xml.bind-api-4.0.2.jar;C:\Users\User\.m2\repository\jakarta\activation\jakarta.activation-api\2.1.3\jakarta.activation-api-2.1.3.jar;C:\Users\User\.m2\repository\org\springframework\spring-core\6.1.8\spring-core-6.1.8.jar;C:\Users\User\.m2\repository\org\springframework\spring-jcl\6.1.8\spring-jcl-6.1.8.jar
Launcher Type: SUN_STANDARD

[Global flags]
     intx CICompilerCount                          = 3                                         {product} {ergonomic}
     uint ConcGCThreads                            = 1                                         {product} {ergonomic}
     uint G1ConcRefinementThreads                  = 4                                         {product} {ergonomic}
   size_t G1HeapRegionSize                         = 1048576                                   {product} {ergonomic}
    uintx GCDrainStackTargetSize                   = 64                                        {product} {ergonomic}
   size_t InitialHeapSize                          = 132120576                                 {product} {ergonomic}
     bool ManagementServer                         = true                                      {product} {command line}
   size_t MarkStackSize                            = 4194304                                   {product} {ergonomic}
   size_t MaxHeapSize                              = 2113929216                                {product} {ergonomic}
   size_t MaxNewSize                               = 1267728384                                {product} {ergonomic}
   size_t MinHeapDeltaBytes                        = 1048576                                   {product} {ergonomic}
   size_t MinHeapSize                              = 8388608                                   {product} {ergonomic}
    uintx NonNMethodCodeHeapSize                   = 4096                                   {pd product} {ergonomic}
    uintx NonProfiledCodeHeapSize                  = 0                                      {pd product} {ergonomic}
     bool ProfileInterpreter                       = false                                  {pd product} {command line}
    uintx ProfiledCodeHeapSize                     = 0                                      {pd product} {ergonomic}
     bool ShowCodeDetailsInExceptionMessages       = true                                   {manageable} {command line}
   size_t SoftMaxHeapSize                          = 2113929216                             {manageable} {ergonomic}
     intx TieredStopAtLevel                        = 1                                         {product} {command line}
     bool UseCompressedOops                        = true                           {product lp64_product} {ergonomic}
     bool UseG1GC                                  = true                                      {product} {ergonomic}
     bool UseLargePagesIndividualAllocation        = false                                  {pd product} {ergonomic}

Logging:
Log output configuration:
 #0: stdout all=warning uptime,level,tags foldmultilines=false
 #1: stderr all=off uptime,level,tags foldmultilines=false

Environment Variables:
PATH=D:/software/Spring Tool/sts-4.22.1.RELEASE//plugins/org.eclipse.justj.openjdk.hotspot.jre.full.win32.x86_64_17.0.11.v20240426-1830/jre/bin/server;D:/software/Spring Tool/sts-4.22.1.RELEASE//plugins/org.eclipse.justj.openjdk.hotspot.jre.full.win32.x86_64_17.0.11.v20240426-1830/jre/bin;C:\Program Files\Common Files\Oracle\Java\javapath;C:\Windows\system32;C:\Windows;C:\Windows\System32\Wbem;C:\Windows\System32\WindowsPowerShell\v1.0\;C:\Windows\System32\OpenSSH\;C:\Program Files\MySQL\MySQL Shell 8.0\bin\;C:\Users\User\AppData\Local\Microsoft\WindowsApps;;D:\software\Spring Tool\sts-4.22.1.RELEASE;
USERNAME=User
OS=Windows_NT
PROCESSOR_IDENTIFIER=Intel64 Family 6 Model 78 Stepping 3, GenuineIntel
TMP=C:\Users\User\AppData\Local\Temp
TEMP=C:\Users\User\AppData\Local\Temp




Periodic native trim disabled

---------------  S Y S T E M  ---------------

OS:
 Windows 10 , 64 bit Build 19041 (10.0.19041.3636)
OS uptime: 1 days 4:17 hours

CPU: total 4 (initial active 4) (2 cores per cpu, 2 threads per core) family 6 model 78 stepping 3 microcode 0xcc, cx8, cmov, fxsr, ht, mmx, 3dnowpref, sse, sse2, sse3, ssse3, sse4.1, sse4.2, popcnt, lzcnt, tsc, tscinvbit, avx, avx2, aes, erms, clmul, bmi1, bmi2, adx, fma, vzeroupper, clflush, clflushopt, rdtscp, f16c
Processor Information for all 4 processors :
  Max Mhz: 2000, Current Mhz: 2000, Mhz Limit: 2000

Memory: 4k page, system-wide physical 8061M (1270M free)
TotalPageFile size 10911M (AvailPageFile size 1533M)
current process WorkingSet (physical memory assigned to process): 249M, peak: 256M
current process commit charge ("private bytes"): 279M, peak: 294M

vm_info: Java HotSpot(TM) 64-Bit Server VM (21.0.1+12-LTS-29) for windows-amd64 JRE (21.0.1+12-LTS-29), built on 2023-10-05T13:27:09Z by "mach5one" with MS VC++ 17.1 (VS2022)

END.
